<?xml version="1.0" encoding="UTF-8"?>
<!-- Generated by org.testng.reporters.JUnitReportReporter -->
<testsuite hostname="Jothianands-MacBook-Pro.local" failures="0" tests="1" name="searchForFlightsTest.SearchForFlightsTest" time="12.042" errors="0" timestamp="19 Mar 2024 23:33:58 GMT" skipped="0">
  <testcase classname="searchForFlightsTest.SearchForFlightsTest" name="fillFlightSearchDetails" time="12.042"/>
</testsuite> <!-- searchForFlightsTest.SearchForFlightsTest -->
